<?xml version="1.0" encoding="UTF-8"?>
<!-- Generated by org.testng.reporters.JUnitXMLReporter -->
<testsuite ignored="0" hostname="LAPTOP-T7P6J0PU" failures="3" tests="6" name="Selenium Test" time="105.024" errors="0" timestamp="2022-08-02T13:39:49 IST">
  <testcase classname="com.selenium.testcases.LoginTest" name="loginTest" time="6.858">
    <failure type="java.lang.AssertionError" message="expected [true] but found [false]">
      <![CDATA[java.lang.AssertionError: expected [true] but found [false]
at com.selenium.testcases.LoginTest.loginTest(LoginTest.java:47)
at java.base/java.util.ArrayList.forEach(ArrayList.java:1541)
... Removed 31 stack frames]]>
    </failure>
  </testcase> <!-- loginTest -->
  <testcase classname="com.selenium.testcases.TC_LoginDDT" name="loginDDT" time="12.068"/>
  <testcase classname="com.selenium.testcases.TC_LoginDDT" name="loginDDT" time="8.55">
    <failure type="java.lang.AssertionError" message="expected [true] but found [false]">
      <![CDATA[java.lang.AssertionError: expected [true] but found [false]
at com.selenium.testcases.TC_LoginDDT.loginDDT(TC_LoginDDT.java:31)
at java.base/java.util.ArrayList.forEach(ArrayList.java:1541)
... Removed 31 stack frames]]>
    </failure>
  </testcase> <!-- loginDDT -->
  <testcase classname="com.selenium.testcases.TC_LoginDDT" name="loginDDT" time="14.608"/>
  <testcase classname="com.selenium.testcases.TC_LoginDDT" name="loginDDT" time="8.679">
    <failure type="java.lang.AssertionError" message="expected [true] but found [false]">
      <![CDATA[java.lang.AssertionError: expected [true] but found [false]
at com.selenium.testcases.TC_LoginDDT.loginDDT(TC_LoginDDT.java:31)
at java.base/java.util.ArrayList.forEach(ArrayList.java:1541)
... Removed 31 stack frames]]>
    </failure>
  </testcase> <!-- loginDDT -->
  <testcase classname="com.selenium.testcases.TC_LoginDDT" name="loginDDT" time="14.236"/>
</testsuite> <!-- Selenium Test -->
